<?xml version='1.0' encoding='UTF-8'?>
<testsuite hostname="BASTIENT-P5680" name="todo.TodoSuite" tests="14" errors="0" failures="14" skipped="0" time="0.109" timestamp="2024-02-14T12:41:01">
          <properties>
      <property name="awt.toolkit" value="sun.awt.X11.XToolkit"/><property name="java.specification.version" value="11"/><property name="sun.cpu.isalist" value=""/><property name="sun.jnu.encoding" value="UTF-8"/><property name="sun.arch.data.model" value="64"/><property name="java.vendor.url" value="https://adoptium.net/"/><property name="sun.boot.library.path" value="/home/btchinianga/.cache/coursier/arc/https/github.com/adoptium/temurin11-binaries/releases/download/jdk-11.0.22%252B7/OpenJDK11U-jdk_x64_linux_hotspot_11.0.22_7.tar.gz/jdk-11.0.22+7/lib"/><property name="sun.java.command" value="/home/btchinianga/.cache/coursier/arc/https/github.com/sbt/sbt/releases/download/v1.9.8/sbt-1.9.8.zip/sbt/bin/sbt-launch.jar"/><property name="jdk.debug" value="release"/><property name="java.specification.vendor" value="Oracle Corporation"/><property name="java.version.date" value="2024-01-16"/><property name="java.home" value="/home/btchinianga/.cache/coursier/arc/https/github.com/adoptium/temurin11-binaries/releases/download/jdk-11.0.22%252B7/OpenJDK11U-jdk_x64_linux_hotspot_11.0.22_7.tar.gz/jdk-11.0.22+7"/><property name="file.separator" value="/"/><property name="java.vm.compressedOopsMode" value="32-bit"/><property name="line.separator" value="
"/><property name="java.specification.name" value="Java Platform API Specification"/><property name="java.vm.specification.vendor" value="Oracle Corporation"/><property name="sun.management.compiler" value="HotSpot 64-Bit Tiered Compilers"/><property name="java.runtime.version" value="11.0.22+7"/><property name="user.name" value="btchinianga"/><property name="log4j.ignoreTCL" value="true"/><property name="file.encoding" value="UTF-8"/><property name="jnidispatch.path" value="/home/btchinianga/.cache/JNA/temp/jna15583731162495951092.tmp"/><property name="java.vendor.version" value="Temurin-11.0.22+7"/><property name="jna.loaded" value="true"/><property name="java.io.tmpdir" value="/tmp"/><property name="java.version" value="11.0.22"/><property name="java.vm.specification.name" value="Java Virtual Machine Specification"/><property name="java.awt.printerjob" value="sun.print.PSPrinterJob"/><property name="sun.os.patch.level" value="unknown"/><property name="java.library.path" value="/usr/java/packages/lib:/usr/lib64:/lib64:/lib:/usr/lib"/><property name="java.vendor" value="Eclipse Adoptium"/><property name="java.specification.maintenance.version" value="2"/><property name="scala.ext.dirs" value="/home/btchinianga/.sbt/1.0/java9-rt-ext-eclipse_adoptium_11_0_22"/><property name="sun.io.unicode.encoding" value="UnicodeLittle"/><property name="java.class.path" value="/home/btchinianga/.cache/coursier/arc/https/github.com/sbt/sbt/releases/download/v1.9.8/sbt-1.9.8.zip/sbt/bin/sbt-launch.jar"/><property name="java.vm.vendor" value="Eclipse Adoptium"/><property name="jline.shutdownhook" value="false"/><property name="user.timezone" value="Europe/Paris"/><property name="os.name" value="Linux"/><property name="java.vm.specification.version" value="11"/><property name="sun.java.launcher" value="SUN_STANDARD"/><property name="sun.cpu.endian" value="little"/><property name="user.home" value="/home/btchinianga"/><property name="user.language" value="en"/><property name="sbt.script" value="/home/btchinianga/.cache/coursier/arc/https/github.com/sbt/sbt/releases/download/v1.9.8/sbt-1.9.8.zip/sbt/bin/sbt"/><property name="sbt.ipcsocket.tmpdir" value="/tmp/.sbtcdcf72b5/ipcsocket"/><property name="swoval.tmpdir" value="/tmp/.sbtcdcf72b5/swoval"/><property name="java.awt.graphicsenv" value="sun.awt.X11GraphicsEnvironment"/><property name="jline.esc.timeout" value="0"/><property name="path.separator" value=":"/><property name="os.version" value="5.10.102.1-microsoft-standard-WSL2"/><property name="jna.nosys" value="true"/><property name="java.runtime.name" value="OpenJDK Runtime Environment"/><property name="java.vm.name" value="OpenJDK 64-Bit Server VM"/><property name="jna.platform.library.path" value="/usr/lib/x86_64-linux-gnu:/lib/x86_64-linux-gnu:/usr/lib64:/lib64:/usr/lib:/lib:/usr/lib/wsl/lib"/><property name="java.vendor.url.bug" value="https://github.com/adoptium/adoptium-support/issues"/><property name="user.dir" value="/home/btchinianga/linux_workspace/Formation_scala/todo"/><property name="os.arch" value="amd64"/><property name="java.vm.info" value="mixed mode"/><property name="java.vm.version" value="11.0.22+7"/><property name="java.class.version" value="55.0"/>
    </properties>
          <testcase classname="todo.TodoSuite" name="Created tasks can be read" time="0.064">
                      <failure message="munit.FailException: /home/btchinianga/linux_workspace/Formation_scala/todo/src/test/scala/todo/TodoSuite.scala:69 Using InMemoryModel: We expected the task Task(Active,An active task,Some(The notes),List(Tag(a), Tag(b))) but we received None instead.
68:      val id1 = model.create(task1)
[7m69:      assertTask(name, model.read(id1), task1)[0m
70:" type="sbt.ForkMain$ForkError">sbt.ForkMain$ForkError: munit.FailException: /home/btchinianga/linux_workspace/Formation_scala/todo/src/test/scala/todo/TodoSuite.scala:69 Using InMemoryModel: We expected the task Task(Active,An active task,Some(The notes),List(Tag(a), Tag(b))) but we received None instead.
68:      val id1 = model.create(task1)
[7m69:      assertTask(name, model.read(id1), task1)[0m
70:
	at munit.Assertions.fail(Assertions.scala:261)
	at munit.Assertions.fail$(Assertions.scala:15)
	at munit.FunSuite.fail(FunSuite.scala:11)
	at todo.TodoSuite.assertTask(TodoSuite.scala:40)
	at todo.TodoSuite.allTests$$anonfun$1(TodoSuite.scala:69)
	at munit.FunFixtures.munit$FunFixtures$FunFixture$$_$test$$anonfun$2$$anonfun$2$$anonfun$2(FunFixtures.scala:34)
</failure>
                    </testcase><testcase classname="todo.TodoSuite" name="Updated tasks can be read" time="0.001">
                      <failure message="munit.FailException: /home/btchinianga/linux_workspace/Formation_scala/todo/src/test/scala/todo/TodoSuite.scala:80 Using InMemoryModel: We expected the task Task(Completed(2024-02-14T12:41:01.235378+01:00[Europe/Paris]),An inactive task,None,List(Tag(c))) but we received None instead.
79:
[7m80:      assertTask(name, returned, task2)[0m
81:      assertTask(name, read, task2)" type="sbt.ForkMain$ForkError">sbt.ForkMain$ForkError: munit.FailException: /home/btchinianga/linux_workspace/Formation_scala/todo/src/test/scala/todo/TodoSuite.scala:80 Using InMemoryModel: We expected the task Task(Completed(2024-02-14T12:41:01.235378+01:00[Europe/Paris]),An inactive task,None,List(Tag(c))) but we received None instead.
79:
[7m80:      assertTask(name, returned, task2)[0m
81:      assertTask(name, read, task2)
	at munit.Assertions.fail(Assertions.scala:261)
	at munit.Assertions.fail$(Assertions.scala:15)
	at munit.FunSuite.fail(FunSuite.scala:11)
	at todo.TodoSuite.assertTask(TodoSuite.scala:40)
	at todo.TodoSuite.allTests$$anonfun$2(TodoSuite.scala:80)
	at munit.FunFixtures.munit$FunFixtures$FunFixture$$_$test$$anonfun$2$$anonfun$2$$anonfun$2(FunFixtures.scala:34)
</failure>
                    </testcase><testcase classname="todo.TodoSuite" name="Deleted tasks are no longer read" time="0.002">
                      <failure message="munit.FailException: /home/btchinianga/linux_workspace/Formation_scala/todo/src/test/scala/todo/TodoSuite.scala:88 Using InMemoryModel: We expected deleting Id(5) to return true
87:
[7m88:      assert(model.delete(id1), s&quot;Using $name: We expected deleting $id1 to return true&quot;)[0m
89:" type="sbt.ForkMain$ForkError">sbt.ForkMain$ForkError: munit.FailException: /home/btchinianga/linux_workspace/Formation_scala/todo/src/test/scala/todo/TodoSuite.scala:88 Using InMemoryModel: We expected deleting Id(5) to return true
87:
[7m88:      assert(model.delete(id1), s&quot;Using $name: We expected deleting $id1 to return true&quot;)[0m
89:
	at munit.FunSuite.assert(FunSuite.scala:11)
	at todo.TodoSuite.allTests$$anonfun$3(TodoSuite.scala:88)
	at munit.FunFixtures.munit$FunFixtures$FunFixture$$_$test$$anonfun$2$$anonfun$2$$anonfun$2(FunFixtures.scala:34)
</failure>
                    </testcase><testcase classname="todo.TodoSuite" name="Tasks returns all inserted tasks in insertion order" time="0.03">
                      <failure message="munit.ComparisonFailException: /home/btchinianga/linux_workspace/Formation_scala/todo/src/test/scala/todo/TodoSuite.scala:104
103:                   List((id1 -&gt; task1)),
[7m104:                   s&quot;Using $name: The list of tasks is different to the tasks that were created&quot;)[0m
105:
Using InMemoryModel: The list of tasks is different to the tasks that were created
[1m=&gt; Obtained[0m
Nil
[1m=&gt; Diff[0m ([91m- obtained[0m, [92m+ expected[0m)
[91m-Nil[0m
[92m+List([0m
[92m+  Tuple2([0m
[92m+    _1 = Id([0m
[92m+      toInt = 7[0m
[92m+    ),[0m
[92m+    _2 = Task([0m
[92m+      state = Active(),[0m
[92m+      description = &quot;An active task&quot;,[0m
[92m+      notes = Some([0m
[92m+        value = &quot;The notes&quot;[0m
[92m+      ),[0m
[92m+      tags = List([0m
[92m+        Tag([0m
[92m+          tag = &quot;a&quot;[0m
[92m+        ),[0m
[92m+        Tag([0m
[92m+          tag = &quot;b&quot;[0m
[92m+        )[0m
[92m+      )[0m
[92m+    )[0m
[92m+  )[0m
[92m+)[0m" type="sbt.ForkMain$ForkError">sbt.ForkMain$ForkError: munit.ComparisonFailException: /home/btchinianga/linux_workspace/Formation_scala/todo/src/test/scala/todo/TodoSuite.scala:104
103:                   List((id1 -&gt; task1)),
[7m104:                   s&quot;Using $name: The list of tasks is different to the tasks that were created&quot;)[0m
105:
Using InMemoryModel: The list of tasks is different to the tasks that were created
[1m=&gt; Obtained[0m
Nil
[1m=&gt; Diff[0m ([91m- obtained[0m, [92m+ expected[0m)
[91m-Nil[0m
[92m+List([0m
[92m+  Tuple2([0m
[92m+    _1 = Id([0m
[92m+      toInt = 7[0m
[92m+    ),[0m
[92m+    _2 = Task([0m
[92m+      state = Active(),[0m
[92m+      description = &quot;An active task&quot;,[0m
[92m+      notes = Some([0m
[92m+        value = &quot;The notes&quot;[0m
[92m+      ),[0m
[92m+      tags = List([0m
[92m+        Tag([0m
[92m+          tag = &quot;a&quot;[0m
[92m+        ),[0m
[92m+        Tag([0m
[92m+          tag = &quot;b&quot;[0m
[92m+        )[0m
[92m+      )[0m
[92m+    )[0m
[92m+  )[0m
[92m+)[0m
	at munit.FunSuite.assertEquals(FunSuite.scala:11)
	at todo.TodoSuite.allTests$$anonfun$4(TodoSuite.scala:104)
	at munit.FunFixtures.munit$FunFixtures$FunFixture$$_$test$$anonfun$2$$anonfun$2$$anonfun$2(FunFixtures.scala:34)
</failure>
                    </testcase><testcase classname="todo.TodoSuite" name="Tasks(tag) returns only tasks with given tag" time="0.002">
                      <failure message="munit.ComparisonFailException: /home/btchinianga/linux_workspace/Formation_scala/todo/src/test/scala/todo/TodoSuite.scala:119
118:
[7m119:      assertEquals(model.tasks(Tag(&quot;a&quot;)).toList, List(id1 -&gt; task1, id3 -&gt; task3))[0m
120:      assertEquals(model.tasks(Tag(&quot;b&quot;)).toList, List(id1 -&gt; task1))
values are not the same
[1m=&gt; Obtained[0m
Nil
[1m=&gt; Diff[0m ([91m- obtained[0m, [92m+ expected[0m)
[91m-Nil[0m
[92m+List([0m
[92m+  Tuple2([0m
[92m+    _1 = Id([0m
[92m+      toInt = 8[0m
[92m+    ),[0m
[92m+    _2 = Task([0m
[92m+      state = Active(),[0m
[92m+      description = &quot;An active task&quot;,[0m
[92m+      notes = Some([0m
[92m+        value = &quot;The notes&quot;[0m
[92m+      ),[0m
[92m+      tags = List([0m
[92m+        Tag([0m
[92m+          tag = &quot;a&quot;[0m
[92m+        ),[0m
[92m+        Tag([0m
[92m+          tag = &quot;b&quot;[0m
[92m+        )[0m
[92m+      )[0m
[92m+    )[0m
[92m+  ),[0m
[92m+  Tuple2([0m
[92m+    _1 = Id([0m
[92m+      toInt = 10[0m
[92m+    ),[0m
[92m+    _2 = Task([0m
[92m+      state = Active(),[0m
[92m+      description = &quot;Another active task&quot;,[0m
[92m+      notes = None,[0m
[92m+      tags = List([0m
[92m+        Tag([0m
[92m+          tag = &quot;a&quot;[0m
[92m+        ),[0m
[92m+        Tag([0m
[92m+          tag = &quot;c&quot;[0m
[92m+        )[0m
[92m+      )[0m
[92m+    )[0m
[92m+  )[0m
[92m+)[0m" type="sbt.ForkMain$ForkError">sbt.ForkMain$ForkError: munit.ComparisonFailException: /home/btchinianga/linux_workspace/Formation_scala/todo/src/test/scala/todo/TodoSuite.scala:119
118:
[7m119:      assertEquals(model.tasks(Tag(&quot;a&quot;)).toList, List(id1 -&gt; task1, id3 -&gt; task3))[0m
120:      assertEquals(model.tasks(Tag(&quot;b&quot;)).toList, List(id1 -&gt; task1))
values are not the same
[1m=&gt; Obtained[0m
Nil
[1m=&gt; Diff[0m ([91m- obtained[0m, [92m+ expected[0m)
[91m-Nil[0m
[92m+List([0m
[92m+  Tuple2([0m
[92m+    _1 = Id([0m
[92m+      toInt = 8[0m
[92m+    ),[0m
[92m+    _2 = Task([0m
[92m+      state = Active(),[0m
[92m+      description = &quot;An active task&quot;,[0m
[92m+      notes = Some([0m
[92m+        value = &quot;The notes&quot;[0m
[92m+      ),[0m
[92m+      tags = List([0m
[92m+        Tag([0m
[92m+          tag = &quot;a&quot;[0m
[92m+        ),[0m
[92m+        Tag([0m
[92m+          tag = &quot;b&quot;[0m
[92m+        )[0m
[92m+      )[0m
[92m+    )[0m
[92m+  ),[0m
[92m+  Tuple2([0m
[92m+    _1 = Id([0m
[92m+      toInt = 10[0m
[92m+    ),[0m
[92m+    _2 = Task([0m
[92m+      state = Active(),[0m
[92m+      description = &quot;Another active task&quot;,[0m
[92m+      notes = None,[0m
[92m+      tags = List([0m
[92m+        Tag([0m
[92m+          tag = &quot;a&quot;[0m
[92m+        ),[0m
[92m+        Tag([0m
[92m+          tag = &quot;c&quot;[0m
[92m+        )[0m
[92m+      )[0m
[92m+    )[0m
[92m+  )[0m
[92m+)[0m
	at munit.FunSuite.assertEquals(FunSuite.scala:11)
	at todo.TodoSuite.allTests$$anonfun$5(TodoSuite.scala:119)
	at munit.FunFixtures.munit$FunFixtures$FunFixture$$_$test$$anonfun$2$$anonfun$2$$anonfun$2(FunFixtures.scala:34)
</failure>
                    </testcase><testcase classname="todo.TodoSuite" name="complete changes state to completed, if task is not already completed" time="0.001">
                      <failure message="munit.FailException: /home/btchinianga/linux_workspace/Formation_scala/todo/src/test/scala/todo/TodoSuite.scala:128 Using InMemoryModel: We expected a task but we received None instead.
127:
[7m128:      assertTaskActive(name, model.read(id1))[0m
129:      assertTaskCompleted(name, model.read(id2))" type="sbt.ForkMain$ForkError">sbt.ForkMain$ForkError: munit.FailException: /home/btchinianga/linux_workspace/Formation_scala/todo/src/test/scala/todo/TodoSuite.scala:128 Using InMemoryModel: We expected a task but we received None instead.
127:
[7m128:      assertTaskActive(name, model.read(id1))[0m
129:      assertTaskCompleted(name, model.read(id2))
	at munit.Assertions.fail(Assertions.scala:261)
	at munit.Assertions.fail$(Assertions.scala:15)
	at munit.FunSuite.fail(FunSuite.scala:11)
	at todo.TodoSuite.assertTaskActive(TodoSuite.scala:50)
	at todo.TodoSuite.allTests$$anonfun$6(TodoSuite.scala:128)
	at munit.FunFixtures.munit$FunFixtures$FunFixture$$_$test$$anonfun$2$$anonfun$2$$anonfun$2(FunFixtures.scala:34)
</failure>
                    </testcase><testcase classname="todo.TodoSuite" name="tags returns all tags" time="0.002">
                      <failure message="munit.ComparisonFailException: /home/btchinianga/linux_workspace/Formation_scala/todo/src/test/scala/todo/TodoSuite.scala:144
143:      val id1 = model.create(task1)
[7m144:      assertEquals(model.tags.toList, List(Tag(&quot;a&quot;), Tag(&quot;b&quot;)), s&quot;Using $name&quot;)[0m
145:
Using InMemoryModel
[1m=&gt; Obtained[0m
Nil
[1m=&gt; Diff[0m ([91m- obtained[0m, [92m+ expected[0m)
[91m-Nil[0m
[92m+List([0m
[92m+  Tag([0m
[92m+    tag = &quot;a&quot;[0m
[92m+  ),[0m
[92m+  Tag([0m
[92m+    tag = &quot;b&quot;[0m
[92m+  )[0m
[92m+)[0m" type="sbt.ForkMain$ForkError">sbt.ForkMain$ForkError: munit.ComparisonFailException: /home/btchinianga/linux_workspace/Formation_scala/todo/src/test/scala/todo/TodoSuite.scala:144
143:      val id1 = model.create(task1)
[7m144:      assertEquals(model.tags.toList, List(Tag(&quot;a&quot;), Tag(&quot;b&quot;)), s&quot;Using $name&quot;)[0m
145:
Using InMemoryModel
[1m=&gt; Obtained[0m
Nil
[1m=&gt; Diff[0m ([91m- obtained[0m, [92m+ expected[0m)
[91m-Nil[0m
[92m+List([0m
[92m+  Tag([0m
[92m+    tag = &quot;a&quot;[0m
[92m+  ),[0m
[92m+  Tag([0m
[92m+    tag = &quot;b&quot;[0m
[92m+  )[0m
[92m+)[0m
	at munit.FunSuite.assertEquals(FunSuite.scala:11)
	at todo.TodoSuite.allTests$$anonfun$7(TodoSuite.scala:144)
	at munit.FunFixtures.munit$FunFixtures$FunFixture$$_$test$$anonfun$2$$anonfun$2$$anonfun$2(FunFixtures.scala:34)
</failure>
                    </testcase><testcase classname="todo.TodoSuite" name="Created tasks can be read-1" time="0.0">
                      <failure message="scala.NotImplementedError: an implementation is missing" type="sbt.ForkMain$ForkError">sbt.ForkMain$ForkError: scala.NotImplementedError: an implementation is missing
	at scala.Predef$.$qmark$qmark$qmark(Predef.scala:344)
	at todo.PersistentModel$.clear(PersistentModel.scala:128)
	at todo.TodoSuite.makeModelFixture$$anonfun$1(TodoSuite.scala:22)
	at munit.FunFixtures.apply$$anonfun$3$$anonfun$1(FunFixtures.scala:60)
	at scala.concurrent.Future$.$anonfun$apply$1(Future.scala:678)
	at scala.concurrent.impl.Promise$Transformation.run(Promise.scala:467)
	at munit.Suite$$anon$1.execute(Suite.scala:26)
	at scala.concurrent.impl.Promise$Transformation.submitWithValue(Promise.scala:429)
	at scala.concurrent.impl.Promise$DefaultPromise.submitWithValue(Promise.scala:338)
	at scala.concurrent.impl.Promise$DefaultPromise.dispatchOrAddCallbacks(Promise.scala:312)
	at scala.concurrent.impl.Promise$DefaultPromise.map(Promise.scala:182)
	at scala.concurrent.Future$.apply(Future.scala:678)
	at munit.FunFixtures.munit$FunFixtures$FunFixture$$$_$apply$$anonfun$1(FunFixtures.scala:60)
	at munit.FunFixtures$FunFixture.test$$anonfun$1(FunFixtures.scala:33)
</failure>
                    </testcase><testcase classname="todo.TodoSuite" name="Updated tasks can be read-1" time="0.001">
                      <failure message="scala.NotImplementedError: an implementation is missing" type="sbt.ForkMain$ForkError">sbt.ForkMain$ForkError: scala.NotImplementedError: an implementation is missing
	at scala.Predef$.$qmark$qmark$qmark(Predef.scala:344)
	at todo.PersistentModel$.clear(PersistentModel.scala:128)
	at todo.TodoSuite.makeModelFixture$$anonfun$1(TodoSuite.scala:22)
	at munit.FunFixtures.apply$$anonfun$3$$anonfun$1(FunFixtures.scala:60)
	at scala.concurrent.Future$.$anonfun$apply$1(Future.scala:678)
	at scala.concurrent.impl.Promise$Transformation.run(Promise.scala:467)
	at munit.Suite$$anon$1.execute(Suite.scala:26)
	at scala.concurrent.impl.Promise$Transformation.submitWithValue(Promise.scala:429)
	at scala.concurrent.impl.Promise$DefaultPromise.submitWithValue(Promise.scala:338)
	at scala.concurrent.impl.Promise$DefaultPromise.dispatchOrAddCallbacks(Promise.scala:312)
	at scala.concurrent.impl.Promise$DefaultPromise.map(Promise.scala:182)
	at scala.concurrent.Future$.apply(Future.scala:678)
	at munit.FunFixtures.munit$FunFixtures$FunFixture$$$_$apply$$anonfun$1(FunFixtures.scala:60)
	at munit.FunFixtures$FunFixture.test$$anonfun$1(FunFixtures.scala:33)
</failure>
                    </testcase><testcase classname="todo.TodoSuite" name="Deleted tasks are no longer read-1" time="0.001">
                      <failure message="scala.NotImplementedError: an implementation is missing" type="sbt.ForkMain$ForkError">sbt.ForkMain$ForkError: scala.NotImplementedError: an implementation is missing
	at scala.Predef$.$qmark$qmark$qmark(Predef.scala:344)
	at todo.PersistentModel$.clear(PersistentModel.scala:128)
	at todo.TodoSuite.makeModelFixture$$anonfun$1(TodoSuite.scala:22)
	at munit.FunFixtures.apply$$anonfun$3$$anonfun$1(FunFixtures.scala:60)
	at scala.concurrent.Future$.$anonfun$apply$1(Future.scala:678)
	at scala.concurrent.impl.Promise$Transformation.run(Promise.scala:467)
	at munit.Suite$$anon$1.execute(Suite.scala:26)
	at scala.concurrent.impl.Promise$Transformation.submitWithValue(Promise.scala:429)
	at scala.concurrent.impl.Promise$DefaultPromise.submitWithValue(Promise.scala:338)
	at scala.concurrent.impl.Promise$DefaultPromise.dispatchOrAddCallbacks(Promise.scala:312)
	at scala.concurrent.impl.Promise$DefaultPromise.map(Promise.scala:182)
	at scala.concurrent.Future$.apply(Future.scala:678)
	at munit.FunFixtures.munit$FunFixtures$FunFixture$$$_$apply$$anonfun$1(FunFixtures.scala:60)
	at munit.FunFixtures$FunFixture.test$$anonfun$1(FunFixtures.scala:33)
</failure>
                    </testcase><testcase classname="todo.TodoSuite" name="Tasks returns all inserted tasks in insertion order-1" time="0.004">
                      <failure message="scala.NotImplementedError: an implementation is missing" type="sbt.ForkMain$ForkError">sbt.ForkMain$ForkError: scala.NotImplementedError: an implementation is missing
	at scala.Predef$.$qmark$qmark$qmark(Predef.scala:344)
	at todo.PersistentModel$.clear(PersistentModel.scala:128)
	at todo.TodoSuite.makeModelFixture$$anonfun$1(TodoSuite.scala:22)
	at munit.FunFixtures.apply$$anonfun$3$$anonfun$1(FunFixtures.scala:60)
	at scala.concurrent.Future$.$anonfun$apply$1(Future.scala:678)
	at scala.concurrent.impl.Promise$Transformation.run(Promise.scala:467)
	at munit.Suite$$anon$1.execute(Suite.scala:26)
	at scala.concurrent.impl.Promise$Transformation.submitWithValue(Promise.scala:429)
	at scala.concurrent.impl.Promise$DefaultPromise.submitWithValue(Promise.scala:338)
	at scala.concurrent.impl.Promise$DefaultPromise.dispatchOrAddCallbacks(Promise.scala:312)
	at scala.concurrent.impl.Promise$DefaultPromise.map(Promise.scala:182)
	at scala.concurrent.Future$.apply(Future.scala:678)
	at munit.FunFixtures.munit$FunFixtures$FunFixture$$$_$apply$$anonfun$1(FunFixtures.scala:60)
	at munit.FunFixtures$FunFixture.test$$anonfun$1(FunFixtures.scala:33)
</failure>
                    </testcase><testcase classname="todo.TodoSuite" name="Tasks(tag) returns only tasks with given tag-1" time="0.001">
                      <failure message="scala.NotImplementedError: an implementation is missing" type="sbt.ForkMain$ForkError">sbt.ForkMain$ForkError: scala.NotImplementedError: an implementation is missing
	at scala.Predef$.$qmark$qmark$qmark(Predef.scala:344)
	at todo.PersistentModel$.clear(PersistentModel.scala:128)
	at todo.TodoSuite.makeModelFixture$$anonfun$1(TodoSuite.scala:22)
	at munit.FunFixtures.apply$$anonfun$3$$anonfun$1(FunFixtures.scala:60)
	at scala.concurrent.Future$.$anonfun$apply$1(Future.scala:678)
	at scala.concurrent.impl.Promise$Transformation.run(Promise.scala:467)
	at munit.Suite$$anon$1.execute(Suite.scala:26)
	at scala.concurrent.impl.Promise$Transformation.submitWithValue(Promise.scala:429)
	at scala.concurrent.impl.Promise$DefaultPromise.submitWithValue(Promise.scala:338)
	at scala.concurrent.impl.Promise$DefaultPromise.dispatchOrAddCallbacks(Promise.scala:312)
	at scala.concurrent.impl.Promise$DefaultPromise.map(Promise.scala:182)
	at scala.concurrent.Future$.apply(Future.scala:678)
	at munit.FunFixtures.munit$FunFixtures$FunFixture$$$_$apply$$anonfun$1(FunFixtures.scala:60)
	at munit.FunFixtures$FunFixture.test$$anonfun$1(FunFixtures.scala:33)
</failure>
                    </testcase><testcase classname="todo.TodoSuite" name="complete changes state to completed, if task is not already completed-1" time="0.0">
                      <failure message="scala.NotImplementedError: an implementation is missing" type="sbt.ForkMain$ForkError">sbt.ForkMain$ForkError: scala.NotImplementedError: an implementation is missing
	at scala.Predef$.$qmark$qmark$qmark(Predef.scala:344)
	at todo.PersistentModel$.clear(PersistentModel.scala:128)
	at todo.TodoSuite.makeModelFixture$$anonfun$1(TodoSuite.scala:22)
	at munit.FunFixtures.apply$$anonfun$3$$anonfun$1(FunFixtures.scala:60)
	at scala.concurrent.Future$.$anonfun$apply$1(Future.scala:678)
	at scala.concurrent.impl.Promise$Transformation.run(Promise.scala:467)
	at munit.Suite$$anon$1.execute(Suite.scala:26)
	at scala.concurrent.impl.Promise$Transformation.submitWithValue(Promise.scala:429)
	at scala.concurrent.impl.Promise$DefaultPromise.submitWithValue(Promise.scala:338)
	at scala.concurrent.impl.Promise$DefaultPromise.dispatchOrAddCallbacks(Promise.scala:312)
	at scala.concurrent.impl.Promise$DefaultPromise.map(Promise.scala:182)
	at scala.concurrent.Future$.apply(Future.scala:678)
	at munit.FunFixtures.munit$FunFixtures$FunFixture$$$_$apply$$anonfun$1(FunFixtures.scala:60)
	at munit.FunFixtures$FunFixture.test$$anonfun$1(FunFixtures.scala:33)
</failure>
                    </testcase><testcase classname="todo.TodoSuite" name="tags returns all tags-1" time="0.0">
                      <failure message="scala.NotImplementedError: an implementation is missing" type="sbt.ForkMain$ForkError">sbt.ForkMain$ForkError: scala.NotImplementedError: an implementation is missing
	at scala.Predef$.$qmark$qmark$qmark(Predef.scala:344)
	at todo.PersistentModel$.clear(PersistentModel.scala:128)
	at todo.TodoSuite.makeModelFixture$$anonfun$1(TodoSuite.scala:22)
	at munit.FunFixtures.apply$$anonfun$3$$anonfun$1(FunFixtures.scala:60)
	at scala.concurrent.Future$.$anonfun$apply$1(Future.scala:678)
	at scala.concurrent.impl.Promise$Transformation.run(Promise.scala:467)
	at munit.Suite$$anon$1.execute(Suite.scala:26)
	at scala.concurrent.impl.Promise$Transformation.submitWithValue(Promise.scala:429)
	at scala.concurrent.impl.Promise$DefaultPromise.submitWithValue(Promise.scala:338)
	at scala.concurrent.impl.Promise$DefaultPromise.dispatchOrAddCallbacks(Promise.scala:312)
	at scala.concurrent.impl.Promise$DefaultPromise.map(Promise.scala:182)
	at scala.concurrent.Future$.apply(Future.scala:678)
	at munit.FunFixtures.munit$FunFixtures$FunFixture$$$_$apply$$anonfun$1(FunFixtures.scala:60)
	at munit.FunFixtures$FunFixture.test$$anonfun$1(FunFixtures.scala:33)
</failure>
                    </testcase>
          <system-out><![CDATA[]]></system-out>
          <system-err><![CDATA[]]></system-err>
        </testsuite>