<?xml version='1.0' encoding='UTF-8'?>
<testsuite hostname="BASTIENT-P5680" name="todo.data.BijectionSuite" tests="7" errors="0" failures="0" skipped="0" time="0.107" timestamp="2024-02-14T12:41:01">
          <properties>
      <property name="awt.toolkit" value="sun.awt.X11.XToolkit"/><property name="java.specification.version" value="11"/><property name="sun.cpu.isalist" value=""/><property name="sun.jnu.encoding" value="UTF-8"/><property name="sun.arch.data.model" value="64"/><property name="java.vendor.url" value="https://adoptium.net/"/><property name="sun.boot.library.path" value="/home/btchinianga/.cache/coursier/arc/https/github.com/adoptium/temurin11-binaries/releases/download/jdk-11.0.22%252B7/OpenJDK11U-jdk_x64_linux_hotspot_11.0.22_7.tar.gz/jdk-11.0.22+7/lib"/><property name="sun.java.command" value="/home/btchinianga/.cache/coursier/arc/https/github.com/sbt/sbt/releases/download/v1.9.8/sbt-1.9.8.zip/sbt/bin/sbt-launch.jar"/><property name="jdk.debug" value="release"/><property name="java.specification.vendor" value="Oracle Corporation"/><property name="java.version.date" value="2024-01-16"/><property name="java.home" value="/home/btchinianga/.cache/coursier/arc/https/github.com/adoptium/temurin11-binaries/releases/download/jdk-11.0.22%252B7/OpenJDK11U-jdk_x64_linux_hotspot_11.0.22_7.tar.gz/jdk-11.0.22+7"/><property name="file.separator" value="/"/><property name="java.vm.compressedOopsMode" value="32-bit"/><property name="line.separator" value="
"/><property name="java.specification.name" value="Java Platform API Specification"/><property name="java.vm.specification.vendor" value="Oracle Corporation"/><property name="sun.management.compiler" value="HotSpot 64-Bit Tiered Compilers"/><property name="java.runtime.version" value="11.0.22+7"/><property name="user.name" value="btchinianga"/><property name="log4j.ignoreTCL" value="true"/><property name="file.encoding" value="UTF-8"/><property name="jnidispatch.path" value="/home/btchinianga/.cache/JNA/temp/jna15583731162495951092.tmp"/><property name="java.vendor.version" value="Temurin-11.0.22+7"/><property name="jna.loaded" value="true"/><property name="java.io.tmpdir" value="/tmp"/><property name="java.version" value="11.0.22"/><property name="java.vm.specification.name" value="Java Virtual Machine Specification"/><property name="java.awt.printerjob" value="sun.print.PSPrinterJob"/><property name="sun.os.patch.level" value="unknown"/><property name="java.library.path" value="/usr/java/packages/lib:/usr/lib64:/lib64:/lib:/usr/lib"/><property name="java.vendor" value="Eclipse Adoptium"/><property name="java.specification.maintenance.version" value="2"/><property name="scala.ext.dirs" value="/home/btchinianga/.sbt/1.0/java9-rt-ext-eclipse_adoptium_11_0_22"/><property name="sun.io.unicode.encoding" value="UnicodeLittle"/><property name="java.class.path" value="/home/btchinianga/.cache/coursier/arc/https/github.com/sbt/sbt/releases/download/v1.9.8/sbt-1.9.8.zip/sbt/bin/sbt-launch.jar"/><property name="java.vm.vendor" value="Eclipse Adoptium"/><property name="jline.shutdownhook" value="false"/><property name="user.timezone" value="Europe/Paris"/><property name="os.name" value="Linux"/><property name="java.vm.specification.version" value="11"/><property name="sun.java.launcher" value="SUN_STANDARD"/><property name="sun.cpu.endian" value="little"/><property name="user.home" value="/home/btchinianga"/><property name="user.language" value="en"/><property name="sbt.script" value="/home/btchinianga/.cache/coursier/arc/https/github.com/sbt/sbt/releases/download/v1.9.8/sbt-1.9.8.zip/sbt/bin/sbt"/><property name="sbt.ipcsocket.tmpdir" value="/tmp/.sbtcdcf72b5/ipcsocket"/><property name="swoval.tmpdir" value="/tmp/.sbtcdcf72b5/swoval"/><property name="java.awt.graphicsenv" value="sun.awt.X11GraphicsEnvironment"/><property name="jline.esc.timeout" value="0"/><property name="path.separator" value=":"/><property name="os.version" value="5.10.102.1-microsoft-standard-WSL2"/><property name="jna.nosys" value="true"/><property name="java.runtime.name" value="OpenJDK Runtime Environment"/><property name="java.vm.name" value="OpenJDK 64-Bit Server VM"/><property name="jna.platform.library.path" value="/usr/lib/x86_64-linux-gnu:/lib/x86_64-linux-gnu:/usr/lib64:/lib64:/usr/lib:/lib:/usr/lib/wsl/lib"/><property name="java.vendor.url.bug" value="https://github.com/adoptium/adoptium-support/issues"/><property name="user.dir" value="/home/btchinianga/linux_workspace/Formation_scala/todo"/><property name="os.arch" value="amd64"/><property name="java.vm.info" value="mixed mode"/><property name="java.vm.version" value="11.0.22+7"/><property name="java.class.version" value="55.0"/>
    </properties>
          <testcase classname="todo.data.BijectionSuite" name="Task" time="0.087">
                      
                    </testcase><testcase classname="todo.data.BijectionSuite" name="Task-1" time="0.016">
                      
                    </testcase><testcase classname="todo.data.BijectionSuite" name="Tag" time="0.001">
                      
                    </testcase><testcase classname="todo.data.BijectionSuite" name="State:Active" time="0.0">
                      
                    </testcase><testcase classname="todo.data.BijectionSuite" name="State:Completed" time="0.0">
                      
                    </testcase><testcase classname="todo.data.BijectionSuite" name="Id" time="0.001">
                      
                    </testcase><testcase classname="todo.data.BijectionSuite" name="Tasks" time="0.002">
                      
                    </testcase>
          <system-out><![CDATA[]]></system-out>
          <system-err><![CDATA[]]></system-err>
        </testsuite>